<?xml version="1.0" encoding="UTF-8"?>
<testsuite xmlns:xsi="http://www.w3.org/2001/XMLSchema-instance" xsi:noNamespaceSchemaLocation="https://maven.apache.org/surefire/maven-surefire-plugin/xsd/surefire-test-report-3.0.xsd" version="3.0" name="TestSuite" time="21.098" tests="3" errors="0" skipped="0" failures="0">
  <properties>
[...]
</properties>
  <testcase name="TC001_EnterUsernameToLogin" classname="com.cookieclicker.qa.testcases.CookieClicker_TestCases" time="0.211"/>
  <testcase name="TC002_AddingFirstCookie" classname="com.cookieclicker.qa.testcases.CookieClicker_TestCases" time="5.17"/>
  <testcase name="TC003_SellingCookies" classname="com.cookieclicker.qa.testcases.CookieClicker_TestCases" time="13.148"/>
</testsuite>