<?xml version="1.0" encoding="UTF-8"?>
<testng-results total="3" passed="3" failed="0" skipped="0">
  <reporter-output>
  </reporter-output>
  <suite started-at="2024-10-09T07:59:56Z" name="RegressionSuite" finished-at="2024-10-09T08:00:15Z" duration-ms="18543">
    <groups>
      <group name="Adding cookies Functionality">
        <method signature="CookieClicker_TestCases.TC002_AddingFirstCookie()[pri:0, instance:com.cookieclicker.qa.testcases.CookieClicker_TestCases@7ff2a664]" name="TC002_AddingFirstCookie" class="com.cookieclicker.qa.testcases.CookieClicker_TestCases"/>
      </group> <!-- Adding cookies Functionality -->
      <group name="Login Functionality">
        <method signature="CookieClicker_TestCases.TC001_EnterUsernameToLogin()[pri:0, instance:com.cookieclicker.qa.testcases.CookieClicker_TestCases@7ff2a664]" name="TC001_EnterUsernameToLogin" class="com.cookieclicker.qa.testcases.CookieClicker_TestCases"/>
      </group> <!-- Login Functionality -->
      <group name="Selling cookies Functionality">
        <method signature="CookieClicker_TestCases.TC003_SellingCookies()[pri:0, instance:com.cookieclicker.qa.testcases.CookieClicker_TestCases@7ff2a664]" name="TC003_SellingCookies" class="com.cookieclicker.qa.testcases.CookieClicker_TestCases"/>
      </group> <!-- Selling cookies Functionality -->
    </groups>
    <test started-at="2024-10-09T07:59:56Z" name="Testing" finished-at="2024-10-09T08:00:15Z" duration-ms="18543">
      <class name="com.cookieclicker.qa.testcases.CookieClicker_TestCases">
        <test-method is-config="true" signature="setUp()[pri:0, instance:com.cookieclicker.qa.testcases.CookieClicker_TestCases@7ff2a664]" started-at="2024-10-09T08:59:55Z" name="setUp" finished-at="2024-10-09T08:59:56Z" duration-ms="1446" status="PASS">
          <reporter-output>
          </reporter-output>
        </test-method> <!-- setUp -->
        <test-method signature="TC001_EnterUsernameToLogin()[pri:0, instance:com.cookieclicker.qa.testcases.CookieClicker_TestCases@7ff2a664]" started-at="2024-10-09T08:59:56Z" name="TC001_EnterUsernameToLogin" finished-at="2024-10-09T08:59:57Z" duration-ms="211" status="PASS">
          <reporter-output>
          </reporter-output>
        </test-method> <!-- TC001_EnterUsernameToLogin -->
        <test-method signature="TC002_AddingFirstCookie()[pri:0, instance:com.cookieclicker.qa.testcases.CookieClicker_TestCases@7ff2a664]" started-at="2024-10-09T08:59:57Z" name="TC002_AddingFirstCookie" finished-at="2024-10-09T09:00:02Z" duration-ms="5172" status="PASS">
          <reporter-output>
          </reporter-output>
        </test-method> <!-- TC002_AddingFirstCookie -->
        <test-method signature="TC003_SellingCookies()[pri:0, instance:com.cookieclicker.qa.testcases.CookieClicker_TestCases@7ff2a664]" started-at="2024-10-09T09:00:02Z" name="TC003_SellingCookies" finished-at="2024-10-09T09:00:15Z" duration-ms="13149" status="PASS">
          <reporter-output>
          </reporter-output>
        </test-method> <!-- TC003_SellingCookies -->
        <test-method is-config="true" signature="tearDown()[pri:0, instance:com.cookieclicker.qa.testcases.CookieClicker_TestCases@7ff2a664]" started-at="2024-10-09T09:00:15Z" name="tearDown" finished-at="2024-10-09T09:00:15Z" duration-ms="115" status="PASS">
          <reporter-output>
          </reporter-output>
        </test-method> <!-- tearDown -->
      </class> <!-- com.cookieclicker.qa.testcases.CookieClicker_TestCases -->
    </test> <!-- Testing -->
  </suite> <!-- RegressionSuite -->
</testng-results>
