<?xml version="1.0" encoding="UTF-8"?>
<!-- Generated by org.testng.reporters.JUnitXMLReporter -->
<testsuite hostname="FA-0620" failures="0" tests="3" name="Testing" time="18.543" errors="0" timestamp="9 Oct 2024 08:00:15 GMT">
  <testcase classname="com.cookieclicker.qa.testcases.CookieClicker_TestCases" name="TC001_EnterUsernameToLogin" time="0.211"/>
  <testcase classname="com.cookieclicker.qa.testcases.CookieClicker_TestCases" name="TC002_AddingFirstCookie" time="5.172"/>
  <testcase classname="com.cookieclicker.qa.testcases.CookieClicker_TestCases" name="TC003_SellingCookies" time="13.149"/>
</testsuite> <!-- Testing -->
